# JRE version: OpenJDK Runtime Environment (8.0_242-b01) (build 1.8.0_242-release-1644-b01)
# Java VM: OpenJDK 64-Bit Server VM (25.242-b01 mixed mode windows-amd64 compressed oops)
Heap:
 PSYoungGen      total 357376K, used 182252K [0x00000000d5580000, 0x00000000edb80000, 0x0000000100000000)
  eden space 327168K, 47% used [0x00000000d5580000,0x00000000dedb1eb0,0x00000000e9500000)
  from space 30208K, 87% used [0x00000000eb600000,0x00000000ecfc9208,0x00000000ed380000)
  to   space 33792K, 0% used [0x00000000e9500000,0x00000000e9500000,0x00000000eb600000)
 ParOldGen       total 116224K, used 76372K [0x0000000080000000, 0x0000000087180000, 0x00000000d5580000)
  object space 116224K, 65% used [0x0000000080000000,0x0000000084a950f8,0x0000000087180000)
 Metaspace       used 91061K, capacity 95484K, committed 95768K, reserved 1132544K
  class space    used 12159K, capacity 12980K, committed 13096K, reserved 1048576K
GC Heap History (10 events):
Event: 13.949 GC heap before
{Heap before GC invocations=15 (full 3):
 PSYoungGen      total 239104K, used 4370K [0x00000000d5580000, 0x00000000e5a80000, 0x0000000100000000)
  eden space 218624K, 0% used [0x00000000d5580000,0x00000000d5580000,0x00000000e2b00000)
  from space 20480K, 21% used [0x00000000e3f00000,0x00000000e4344858,0x00000000e5300000)
  to   space 20480K, 0% used [0x00000000e2b00000,0x00000000e2b00000,0x00000000e3f00000)
 ParOldGen       total 76288K, used 41631K [0x0000000080000000, 0x0000000084a80000, 0x00000000d5580000)
  object space 76288K, 54% used [0x0000000080000000,0x00000000828a7f88,0x0000000084a80000)
 Metaspace       used 56800K, capacity 59060K, committed 59160K, reserved 1099776K
  class space    used 7729K, capacity 8191K, committed 8232K, reserved 1048576K
Event: 14.227 GC heap after
Heap after GC invocations=15 (full 3):
 PSYoungGen      total 239104K, used 0K [0x00000000d5580000, 0x00000000e5a80000, 0x0000000100000000)
  eden space 218624K, 0% used [0x00000000d5580000,0x00000000d5580000,0x00000000e2b00000)
  from space 20480K, 0% used [0x00000000e3f00000,0x00000000e3f00000,0x00000000e5300000)
  to   space 20480K, 0% used [0x00000000e2b00000,0x00000000e2b00000,0x00000000e3f00000)
 ParOldGen       total 116224K, used 33714K [0x0000000080000000, 0x0000000087180000, 0x00000000d5580000)
  object space 116224K, 29% used [0x0000000080000000,0x00000000820ecac8,0x0000000087180000)
 Metaspace       used 56784K, capacity 59006K, committed 59160K, reserved 1099776K
  class space    used 7724K, capacity 8182K, committed 8232K, reserved 1048576K
}
Event: 19.730 GC heap before
{Heap before GC invocations=16 (full 3):
 PSYoungGen      total 239104K, used 218624K [0x00000000d5580000, 0x00000000e5a80000, 0x0000000100000000)
  eden space 218624K, 100% used [0x00000000d5580000,0x00000000e2b00000,0x00000000e2b00000)
  from space 20480K, 0% used [0x00000000e3f00000,0x00000000e3f00000,0x00000000e5300000)
  to   space 20480K, 0% used [0x00000000e2b00000,0x00000000e2b00000,0x00000000e3f00000)
 ParOldGen       total 116224K, used 33714K [0x0000000080000000, 0x0000000087180000, 0x00000000d5580000)
  object space 116224K, 29% used [0x0000000080000000,0x00000000820ecac8,0x0000000087180000)
 Metaspace       used 68375K, capacity 71468K, committed 71704K, reserved 1112064K
  class space    used 9366K, capacity 9945K, committed 10024K, reserved 1048576K
Event: 19.766 GC heap after
Heap after GC invocations=16 (full 3):
 PSYoungGen      total 239104K, used 20467K [0x00000000d5580000, 0x00000000e9280000, 0x0000000100000000)
  eden space 218624K, 0% used [0x00000000d5580000,0x00000000d5580000,0x00000000e2b00000)
  from space 20480K, 99% used [0x00000000e2b00000,0x00000000e3efccc8,0x00000000e3f00000)
  to   space 23552K, 0% used [0x00000000e7b80000,0x00000000e7b80000,0x00000000e9280000)
 ParOldGen       total 116224K, used 34170K [0x0000000080000000, 0x0000000087180000, 0x00000000d5580000)
  object space 116224K, 29% used [0x0000000080000000,0x000000008215ebc0,0x0000000087180000)
 Metaspace       used 68375K, capacity 71468K, committed 71704K, reserved 1112064K
  class space    used 9366K, capacity 9945K, committed 10024K, reserved 1048576K
}
Event: 23.728 GC heap before
{Heap before GC invocations=17 (full 3):
 PSYoungGen      total 239104K, used 239091K [0x00000000d5580000, 0x00000000e9280000, 0x0000000100000000)
  eden space 218624K, 100% used [0x00000000d5580000,0x00000000e2b00000,0x00000000e2b00000)
  from space 20480K, 99% used [0x00000000e2b00000,0x00000000e3efccc8,0x00000000e3f00000)
  to   space 23552K, 0% used [0x00000000e7b80000,0x00000000e7b80000,0x00000000e9280000)
 ParOldGen       total 116224K, used 34170K [0x0000000080000000, 0x0000000087180000, 0x00000000d5580000)
  object space 116224K, 29% used [0x0000000080000000,0x000000008215ebc0,0x0000000087180000)
 Metaspace       used 70678K, capacity 73950K, committed 74008K, reserved 1114112K
  class space    used 9620K, capacity 10230K, committed 10280K, reserved 1048576K
Event: 23.760 GC heap after
Heap after GC invocations=17 (full 3):
 PSYoungGen      total 286720K, used 10920K [0x00000000d5580000, 0x00000000e8a80000, 0x0000000100000000)
  eden space 271360K, 0% used [0x00000000d5580000,0x00000000d5580000,0x00000000e5e80000)
  from space 15360K, 71% used [0x00000000e7b80000,0x00000000e862a2a8,0x00000000e8a80000)
  to   space 22528K, 0% used [0x00000000e5e80000,0x00000000e5e80000,0x00000000e7480000)
 ParOldGen       total 116224K, used 47490K [0x0000000080000000, 0x0000000087180000, 0x00000000d5580000)
  object space 116224K, 40% used [0x0000000080000000,0x0000000082e60ac8,0x0000000087180000)
 Metaspace       used 70678K, capacity 73950K, committed 74008K, reserved 1114112K
  class space    used 9620K, capacity 10230K, committed 10280K, reserved 1048576K
}
Event: 29.139 GC heap before
{Heap before GC invocations=18 (full 3):
 PSYoungGen      total 286720K, used 282280K [0x00000000d5580000, 0x00000000e8a80000, 0x0000000100000000)
  eden space 271360K, 100% used [0x00000000d5580000,0x00000000e5e80000,0x00000000e5e80000)
  from space 15360K, 71% used [0x00000000e7b80000,0x00000000e862a2a8,0x00000000e8a80000)
  to   space 22528K, 0% used [0x00000000e5e80000,0x00000000e5e80000,0x00000000e7480000)
 ParOldGen       total 116224K, used 47490K [0x0000000080000000, 0x0000000087180000, 0x00000000d5580000)
  object space 116224K, 40% used [0x0000000080000000,0x0000000082e60ac8,0x0000000087180000)
 Metaspace       used 74944K, capacity 78350K, committed 78616K, reserved 1118208K
  class space    used 10106K, capacity 10764K, committed 10792K, reserved 1048576K
Event: 29.189 GC heap after
Heap after GC invocations=18 (full 3):
 PSYoungGen      total 293888K, used 22524K [0x00000000d5580000, 0x00000000ed380000, 0x0000000100000000)
  eden space 271360K, 0% used [0x00000000d5580000,0x00000000d5580000,0x00000000e5e80000)
  from space 22528K, 99% used [0x00000000e5e80000,0x00000000e747f328,0x00000000e7480000)
  to   space 30208K, 0% used [0x00000000eb600000,0x00000000eb600000,0x00000000ed380000)
 ParOldGen       total 116224K, used 58439K [0x0000000080000000, 0x0000000087180000, 0x00000000d5580000)
  object space 116224K, 50% used [0x0000000080000000,0x0000000083911f78,0x0000000087180000)
 Metaspace       used 74944K, capacity 78350K, committed 78616K, reserved 1118208K
  class space    used 10106K, capacity 10764K, committed 10792K, reserved 1048576K
}
Event: 33.685 GC heap before
{Heap before GC invocations=19 (full 3):
 PSYoungGen      total 293888K, used 293884K [0x00000000d5580000, 0x00000000ed380000, 0x0000000100000000)
  eden space 271360K, 100% used [0x00000000d5580000,0x00000000e5e80000,0x00000000e5e80000)
  from space 22528K, 99% used [0x00000000e5e80000,0x00000000e747f328,0x00000000e7480000)
  to   space 30208K, 0% used [0x00000000eb600000,0x00000000eb600000,0x00000000ed380000)
 ParOldGen       total 116224K, used 58439K [0x0000000080000000, 0x0000000087180000, 0x00000000d5580000)
  object space 116224K, 50% used [0x0000000080000000,0x0000000083911f78,0x0000000087180000)
 Metaspace       used 82651K, capacity 86116K, committed 86424K, reserved 1124352K
  class space    used 10940K, capacity 11576K, committed 11688K, reserved 1048576K
Event: 33.774 GC heap after
Heap after GC invocations=19 (full 3):
 PSYoungGen      total 357376K, used 26404K [0x00000000d5580000, 0x00000000edb80000, 0x0000000100000000)
  eden space 327168K, 0% used [0x00000000d5580000,0x00000000d5580000,0x00000000e9500000)
  from space 30208K, 87% used [0x00000000eb600000,0x00000000ecfc9208,0x00000000ed380000)
  to   space 33792K, 0% used [0x00000000e9500000,0x00000000e9500000,0x00000000eb600000)
 ParOldGen       total 116224K, used 76372K [0x0000000080000000, 0x0000000087180000, 0x00000000d5580000)
  object space 116224K, 65% used [0x0000000080000000,0x0000000084a950f8,0x0000000087180000)
 Metaspace       used 82651K, capacity 86116K, committed 86424K, reserved 1124352K
  class space    used 10940K, capacity 11576K, committed 11688K, reserved 1048576K
}

