# JRE version: OpenJDK Runtime Environment (8.0_242-b01) (build 1.8.0_242-release-1644-b01)
# Java VM: OpenJDK 64-Bit Server VM (25.242-b01 mixed mode windows-amd64 compressed oops)
Heap:
 PSYoungGen      total 277504K, used 122926K [0x00000000d5580000, 0x00000000e8d00000, 0x0000000100000000)
  eden space 243200K, 36% used [0x00000000d5580000,0x00000000dac0fe30,0x00000000e4300000)
  from space 34304K, 99% used [0x00000000e4300000,0x00000000e647bc58,0x00000000e6480000)
  to   space 25088K, 0% used [0x00000000e6480000,0x00000000e6480000,0x00000000e7d00000)
 ParOldGen       total 135680K, used 66035K [0x0000000080000000, 0x0000000088480000, 0x00000000d5580000)
  object space 135680K, 48% used [0x0000000080000000,0x000000008407cc10,0x0000000088480000)
 Metaspace       used 82628K, capacity 87040K, committed 87192K, reserved 1124352K
  class space    used 11333K, capacity 12110K, committed 12200K, reserved 1048576K
GC Heap History (10 events):
Event: 12.172 GC heap before
{Heap before GC invocations=12 (full 2):
 PSYoungGen      total 196608K, used 47505K [0x00000000d5580000, 0x00000000e4f00000, 0x0000000100000000)
  eden space 181760K, 17% used [0x00000000d5580000,0x00000000d7565348,0x00000000e0700000)
  from space 14848K, 99% used [0x00000000e0700000,0x00000000e157f300,0x00000000e1580000)
  to   space 22528K, 0% used [0x00000000e3900000,0x00000000e3900000,0x00000000e4f00000)
 ParOldGen       total 90624K, used 31018K [0x0000000080000000, 0x0000000085880000, 0x00000000d5580000)
  object space 90624K, 34% used [0x0000000080000000,0x0000000081e4aa28,0x0000000085880000)
 Metaspace       used 56800K, capacity 59076K, committed 59160K, reserved 1099776K
  class space    used 7712K, capacity 8193K, committed 8232K, reserved 1048576K
Event: 12.203 GC heap after
Heap after GC invocations=12 (full 2):
 PSYoungGen      total 231424K, used 17663K [0x00000000d5580000, 0x00000000e6280000, 0x0000000100000000)
  eden space 208896K, 0% used [0x00000000d5580000,0x00000000d5580000,0x00000000e2180000)
  from space 22528K, 78% used [0x00000000e3900000,0x00000000e4a3fc30,0x00000000e4f00000)
  to   space 24064K, 0% used [0x00000000e2180000,0x00000000e2180000,0x00000000e3900000)
 ParOldGen       total 90624K, used 31026K [0x0000000080000000, 0x0000000085880000, 0x00000000d5580000)
  object space 90624K, 34% used [0x0000000080000000,0x0000000081e4ca28,0x0000000085880000)
 Metaspace       used 56800K, capacity 59076K, committed 59160K, reserved 1099776K
  class space    used 7712K, capacity 8193K, committed 8232K, reserved 1048576K
}
Event: 12.203 GC heap before
{Heap before GC invocations=13 (full 3):
 PSYoungGen      total 231424K, used 17663K [0x00000000d5580000, 0x00000000e6280000, 0x0000000100000000)
  eden space 208896K, 0% used [0x00000000d5580000,0x00000000d5580000,0x00000000e2180000)
  from space 22528K, 78% used [0x00000000e3900000,0x00000000e4a3fc30,0x00000000e4f00000)
  to   space 24064K, 0% used [0x00000000e2180000,0x00000000e2180000,0x00000000e3900000)
 ParOldGen       total 90624K, used 31026K [0x0000000080000000, 0x0000000085880000, 0x00000000d5580000)
  object space 90624K, 34% used [0x0000000080000000,0x0000000081e4ca28,0x0000000085880000)
 Metaspace       used 56800K, capacity 59076K, committed 59160K, reserved 1099776K
  class space    used 7712K, capacity 8193K, committed 8232K, reserved 1048576K
Event: 12.490 GC heap after
Heap after GC invocations=13 (full 3):
 PSYoungGen      total 231424K, used 0K [0x00000000d5580000, 0x00000000e6280000, 0x0000000100000000)
  eden space 208896K, 0% used [0x00000000d5580000,0x00000000d5580000,0x00000000e2180000)
  from space 22528K, 0% used [0x00000000e3900000,0x00000000e3900000,0x00000000e4f00000)
  to   space 24064K, 0% used [0x00000000e2180000,0x00000000e2180000,0x00000000e3900000)
 ParOldGen       total 135680K, used 33154K [0x0000000080000000, 0x0000000088480000, 0x00000000d5580000)
  object space 135680K, 24% used [0x0000000080000000,0x0000000082060ad8,0x0000000088480000)
 Metaspace       used 56780K, capacity 59010K, committed 59160K, reserved 1099776K
  class space    used 7706K, capacity 8182K, committed 8232K, reserved 1048576K
}
Event: 17.063 GC heap before
{Heap before GC invocations=14 (full 3):
 PSYoungGen      total 231424K, used 208896K [0x00000000d5580000, 0x00000000e6280000, 0x0000000100000000)
  eden space 208896K, 100% used [0x00000000d5580000,0x00000000e2180000,0x00000000e2180000)
  from space 22528K, 0% used [0x00000000e3900000,0x00000000e3900000,0x00000000e4f00000)
  to   space 24064K, 0% used [0x00000000e2180000,0x00000000e2180000,0x00000000e3900000)
 ParOldGen       total 135680K, used 33154K [0x0000000080000000, 0x0000000088480000, 0x00000000d5580000)
  object space 135680K, 24% used [0x0000000080000000,0x0000000082060ad8,0x0000000088480000)
 Metaspace       used 64932K, capacity 67880K, committed 68120K, reserved 1107968K
  class space    used 8922K, capacity 9505K, committed 9512K, reserved 1048576K
Event: 17.110 GC heap after
Heap after GC invocations=14 (full 3):
 PSYoungGen      total 232960K, used 17448K [0x00000000d5580000, 0x00000000e7d00000, 0x0000000100000000)
  eden space 208896K, 0% used [0x00000000d5580000,0x00000000d5580000,0x00000000e2180000)
  from space 24064K, 72% used [0x00000000e2180000,0x00000000e328a210,0x00000000e3900000)
  to   space 25088K, 0% used [0x00000000e6480000,0x00000000e6480000,0x00000000e7d00000)
 ParOldGen       total 135680K, used 33162K [0x0000000080000000, 0x0000000088480000, 0x00000000d5580000)
  object space 135680K, 24% used [0x0000000080000000,0x0000000082062ad8,0x0000000088480000)
 Metaspace       used 64932K, capacity 67880K, committed 68120K, reserved 1107968K
  class space    used 8922K, capacity 9505K, committed 9512K, reserved 1048576K
}
Event: 21.236 GC heap before
{Heap before GC invocations=15 (full 3):
 PSYoungGen      total 232960K, used 226344K [0x00000000d5580000, 0x00000000e7d00000, 0x0000000100000000)
  eden space 208896K, 100% used [0x00000000d5580000,0x00000000e2180000,0x00000000e2180000)
  from space 24064K, 72% used [0x00000000e2180000,0x00000000e328a210,0x00000000e3900000)
  to   space 25088K, 0% used [0x00000000e6480000,0x00000000e6480000,0x00000000e7d00000)
 ParOldGen       total 135680K, used 33162K [0x0000000080000000, 0x0000000088480000, 0x00000000d5580000)
  object space 135680K, 24% used [0x0000000080000000,0x0000000082062ad8,0x0000000088480000)
 Metaspace       used 70230K, capacity 73506K, committed 73752K, reserved 1112064K
  class space    used 9598K, capacity 10261K, committed 10280K, reserved 1048576K
Event: 21.289 GC heap after
Heap after GC invocations=15 (full 3):
 PSYoungGen      total 268288K, used 25075K [0x00000000d5580000, 0x00000000e8d00000, 0x0000000100000000)
  eden space 243200K, 0% used [0x00000000d5580000,0x00000000d5580000,0x00000000e4300000)
  from space 25088K, 99% used [0x00000000e6480000,0x00000000e7cfcfd0,0x00000000e7d00000)
  to   space 34304K, 0% used [0x00000000e4300000,0x00000000e4300000,0x00000000e6480000)
 ParOldGen       total 135680K, used 47773K [0x0000000080000000, 0x0000000088480000, 0x00000000d5580000)
  object space 135680K, 35% used [0x0000000080000000,0x0000000082ea7678,0x0000000088480000)
 Metaspace       used 70230K, capacity 73506K, committed 73752K, reserved 1112064K
  class space    used 9598K, capacity 10261K, committed 10280K, reserved 1048576K
}
Event: 27.071 GC heap before
{Heap before GC invocations=16 (full 3):
 PSYoungGen      total 268288K, used 268275K [0x00000000d5580000, 0x00000000e8d00000, 0x0000000100000000)
  eden space 243200K, 100% used [0x00000000d5580000,0x00000000e4300000,0x00000000e4300000)
  from space 25088K, 99% used [0x00000000e6480000,0x00000000e7cfcfd0,0x00000000e7d00000)
  to   space 34304K, 0% used [0x00000000e4300000,0x00000000e4300000,0x00000000e6480000)
 ParOldGen       total 135680K, used 47773K [0x0000000080000000, 0x0000000088480000, 0x00000000d5580000)
  object space 135680K, 35% used [0x0000000080000000,0x0000000082ea7678,0x0000000088480000)
 Metaspace       used 80023K, capacity 83930K, committed 84120K, reserved 1122304K
  class space    used 10962K, capacity 11665K, committed 11688K, reserved 1048576K
Event: 27.162 GC heap after
Heap after GC invocations=16 (full 3):
 PSYoungGen      total 277504K, used 34287K [0x00000000d5580000, 0x00000000e8d00000, 0x0000000100000000)
  eden space 243200K, 0% used [0x00000000d5580000,0x00000000d5580000,0x00000000e4300000)
  from space 34304K, 99% used [0x00000000e4300000,0x00000000e647bc58,0x00000000e6480000)
  to   space 25088K, 0% used [0x00000000e6480000,0x00000000e6480000,0x00000000e7d00000)
 ParOldGen       total 135680K, used 66035K [0x0000000080000000, 0x0000000088480000, 0x00000000d5580000)
  object space 135680K, 48% used [0x0000000080000000,0x000000008407cc10,0x0000000088480000)
 Metaspace       used 80023K, capacity 83930K, committed 84120K, reserved 1122304K
  class space    used 10962K, capacity 11665K, committed 11688K, reserved 1048576K
}

