# JRE version: OpenJDK Runtime Environment (8.0_242-b01) (build 1.8.0_242-release-1644-b01)
# Java VM: OpenJDK 64-Bit Server VM (25.242-b01 mixed mode windows-amd64 compressed oops)
Heap:
 PSYoungGen      total 400384K, used 127239K [0x00000000d5580000, 0x00000000f0780000, 0x0000000100000000)
  eden space 356352K, 23% used [0x00000000d5580000,0x00000000da6c94e8,0x00000000eb180000)
  from space 44032K, 99% used [0x00000000eb180000,0x00000000edc78a50,0x00000000edc80000)
  to   space 43520K, 0% used [0x00000000edd00000,0x00000000edd00000,0x00000000f0780000)
 ParOldGen       total 211456K, used 88120K [0x0000000080000000, 0x000000008ce80000, 0x00000000d5580000)
  object space 211456K, 41% used [0x0000000080000000,0x000000008560e3c8,0x000000008ce80000)
 Metaspace       used 95673K, capacity 100336K, committed 100632K, reserved 1136640K
  class space    used 12373K, capacity 13244K, committed 13352K, reserved 1048576K
GC Heap History (10 events):
Event: 515.331 GC heap before
{Heap before GC invocations=19 (full 3):
 PSYoungGen      total 298496K, used 295680K [0x00000000d5580000, 0x00000000ee280000, 0x0000000100000000)
  eden space 263680K, 100% used [0x00000000d5580000,0x00000000e5700000,0x00000000e5700000)
  from space 34816K, 91% used [0x00000000e5700000,0x00000000e7640308,0x00000000e7900000)
  to   space 39424K, 0% used [0x00000000ebc00000,0x00000000ebc00000,0x00000000ee280000)
 ParOldGen       total 117760K, used 80388K [0x0000000080000000, 0x0000000087300000, 0x00000000d5580000)
  object space 117760K, 68% used [0x0000000080000000,0x0000000084e81170,0x0000000087300000)
 Metaspace       used 89565K, capacity 94058K, committed 94360K, reserved 1130496K
  class space    used 12045K, capacity 12869K, committed 12968K, reserved 1048576K
Event: 515.406 GC heap after
Heap after GC invocations=19 (full 3):
 PSYoungGen      total 356352K, used 39403K [0x00000000d5580000, 0x00000000ee500000, 0x0000000100000000)
  eden space 316928K, 0% used [0x00000000d5580000,0x00000000d5580000,0x00000000e8b00000)
  from space 39424K, 99% used [0x00000000ebc00000,0x00000000ee27adc8,0x00000000ee280000)
  to   space 46080K, 0% used [0x00000000e8b00000,0x00000000e8b00000,0x00000000eb800000)
 ParOldGen       total 117760K, used 80779K [0x0000000080000000, 0x0000000087300000, 0x00000000d5580000)
  object space 117760K, 68% used [0x0000000080000000,0x0000000084ee2e78,0x0000000087300000)
 Metaspace       used 89565K, capacity 94058K, committed 94360K, reserved 1130496K
  class space    used 12045K, capacity 12869K, committed 12968K, reserved 1048576K
}
Event: 522.728 GC heap before
{Heap before GC invocations=20 (full 3):
 PSYoungGen      total 356352K, used 356331K [0x00000000d5580000, 0x00000000ee500000, 0x0000000100000000)
  eden space 316928K, 100% used [0x00000000d5580000,0x00000000e8b00000,0x00000000e8b00000)
  from space 39424K, 99% used [0x00000000ebc00000,0x00000000ee27adc8,0x00000000ee280000)
  to   space 46080K, 0% used [0x00000000e8b00000,0x00000000e8b00000,0x00000000eb800000)
 ParOldGen       total 117760K, used 80779K [0x0000000080000000, 0x0000000087300000, 0x00000000d5580000)
  object space 117760K, 68% used [0x0000000080000000,0x0000000084ee2e78,0x0000000087300000)
 Metaspace       used 91097K, capacity 95718K, committed 96024K, reserved 1132544K
  class space    used 12171K, capacity 13017K, committed 13096K, reserved 1048576K
Event: 522.775 GC heap after
Heap after GC invocations=20 (full 3):
 PSYoungGen      total 363008K, used 7181K [0x00000000d5580000, 0x00000000f0900000, 0x0000000100000000)
  eden space 316928K, 0% used [0x00000000d5580000,0x00000000d5580000,0x00000000e8b00000)
  from space 46080K, 15% used [0x00000000e8b00000,0x00000000e92036b0,0x00000000eb800000)
  to   space 45056K, 0% used [0x00000000edd00000,0x00000000edd00000,0x00000000f0900000)
 ParOldGen       total 117760K, used 97661K [0x0000000080000000, 0x0000000087300000, 0x00000000d5580000)
  object space 117760K, 82% used [0x0000000080000000,0x0000000085f5f728,0x0000000087300000)
 Metaspace       used 91097K, capacity 95718K, committed 96024K, reserved 1132544K
  class space    used 12171K, capacity 13017K, committed 13096K, reserved 1048576K
}
Event: 522.775 GC heap before
{Heap before GC invocations=21 (full 4):
 PSYoungGen      total 363008K, used 7181K [0x00000000d5580000, 0x00000000f0900000, 0x0000000100000000)
  eden space 316928K, 0% used [0x00000000d5580000,0x00000000d5580000,0x00000000e8b00000)
  from space 46080K, 15% used [0x00000000e8b00000,0x00000000e92036b0,0x00000000eb800000)
  to   space 45056K, 0% used [0x00000000edd00000,0x00000000edd00000,0x00000000f0900000)
 ParOldGen       total 117760K, used 97661K [0x0000000080000000, 0x0000000087300000, 0x00000000d5580000)
  object space 117760K, 82% used [0x0000000080000000,0x0000000085f5f728,0x0000000087300000)
 Metaspace       used 91097K, capacity 95718K, committed 96024K, reserved 1132544K
  class space    used 12171K, capacity 13017K, committed 13096K, reserved 1048576K
Event: 523.511 GC heap after
Heap after GC invocations=21 (full 4):
 PSYoungGen      total 363008K, used 0K [0x00000000d5580000, 0x00000000f0900000, 0x0000000100000000)
  eden space 316928K, 0% used [0x00000000d5580000,0x00000000d5580000,0x00000000e8b00000)
  from space 46080K, 0% used [0x00000000e8b00000,0x00000000e8b00000,0x00000000eb800000)
  to   space 45056K, 0% used [0x00000000edd00000,0x00000000edd00000,0x00000000f0900000)
 ParOldGen       total 211456K, used 86162K [0x0000000080000000, 0x000000008ce80000, 0x00000000d5580000)
  object space 211456K, 40% used [0x0000000080000000,0x0000000085424860,0x000000008ce80000)
 Metaspace       used 91002K, capacity 95448K, committed 96024K, reserved 1132544K
  class space    used 12140K, capacity 12962K, committed 13096K, reserved 1048576K
}
Event: 551.188 GC heap before
{Heap before GC invocations=22 (full 4):
 PSYoungGen      total 363008K, used 316928K [0x00000000d5580000, 0x00000000f0900000, 0x0000000100000000)
  eden space 316928K, 100% used [0x00000000d5580000,0x00000000e8b00000,0x00000000e8b00000)
  from space 46080K, 0% used [0x00000000e8b00000,0x00000000e8b00000,0x00000000eb800000)
  to   space 45056K, 0% used [0x00000000edd00000,0x00000000edd00000,0x00000000f0900000)
 ParOldGen       total 211456K, used 86162K [0x0000000080000000, 0x000000008ce80000, 0x00000000d5580000)
  object space 211456K, 40% used [0x0000000080000000,0x0000000085424860,0x000000008ce80000)
 Metaspace       used 93218K, capacity 97690K, committed 97944K, reserved 1134592K
  class space    used 12269K, capacity 13105K, committed 13224K, reserved 1048576K
Event: 551.230 GC heap after
Heap after GC invocations=22 (full 4):
 PSYoungGen      total 399872K, used 21050K [0x00000000d5580000, 0x00000000f0780000, 0x0000000100000000)
  eden space 356352K, 0% used [0x00000000d5580000,0x00000000d5580000,0x00000000eb180000)
  from space 43520K, 48% used [0x00000000edd00000,0x00000000ef18e8f0,0x00000000f0780000)
  to   space 44032K, 0% used [0x00000000eb180000,0x00000000eb180000,0x00000000edc80000)
 ParOldGen       total 211456K, used 86170K [0x0000000080000000, 0x000000008ce80000, 0x00000000d5580000)
  object space 211456K, 40% used [0x0000000080000000,0x0000000085426860,0x000000008ce80000)
 Metaspace       used 93218K, capacity 97690K, committed 97944K, reserved 1134592K
  class space    used 12269K, capacity 13105K, committed 13224K, reserved 1048576K
}
Event: 555.335 GC heap before
{Heap before GC invocations=23 (full 4):
 PSYoungGen      total 399872K, used 377402K [0x00000000d5580000, 0x00000000f0780000, 0x0000000100000000)
  eden space 356352K, 100% used [0x00000000d5580000,0x00000000eb180000,0x00000000eb180000)
  from space 43520K, 48% used [0x00000000edd00000,0x00000000ef18e8f0,0x00000000f0780000)
  to   space 44032K, 0% used [0x00000000eb180000,0x00000000eb180000,0x00000000edc80000)
 ParOldGen       total 211456K, used 86170K [0x0000000080000000, 0x000000008ce80000, 0x00000000d5580000)
  object space 211456K, 40% used [0x0000000080000000,0x0000000085426860,0x000000008ce80000)
 Metaspace       used 95485K, capacity 100106K, committed 100248K, reserved 1136640K
  class space    used 12354K, capacity 13223K, committed 13224K, reserved 1048576K
Event: 555.444 GC heap after
Heap after GC invocations=23 (full 4):
 PSYoungGen      total 400384K, used 44002K [0x00000000d5580000, 0x00000000f0780000, 0x0000000100000000)
  eden space 356352K, 0% used [0x00000000d5580000,0x00000000d5580000,0x00000000eb180000)
  from space 44032K, 99% used [0x00000000eb180000,0x00000000edc78a50,0x00000000edc80000)
  to   space 43520K, 0% used [0x00000000edd00000,0x00000000edd00000,0x00000000f0780000)
 ParOldGen       total 211456K, used 88120K [0x0000000080000000, 0x000000008ce80000, 0x00000000d5580000)
  object space 211456K, 41% used [0x0000000080000000,0x000000008560e3c8,0x000000008ce80000)
 Metaspace       used 95485K, capacity 100106K, committed 100248K, reserved 1136640K
  class space    used 12354K, capacity 13223K, committed 13224K, reserved 1048576K
}

